<?xml version="1.0" encoding="UTF-8"?>
<testng-results skipped="0" failed="0" total="1" passed="1">
  <reporter-output>
    <line>
      <![CDATA[http://interfaces.t.ziroom.com/index.php?_p=api_mobile&_a=login_normal]]>
    </line>
    <line>
      <![CDATA[{uid=20186677, password=123456, login_name=20186677, appType=1, sign=ccf307b3efdc93b4bdf8984cd47a2cf8, user_account=20186677, timestamp=1475153681}]]>
    </line>
    <line>
      <![CDATA[{"status":"success","error_code":0,"error_message":"","data":{"city_code":"110000","login_name":"20186677","uid":"20186677","stewardType":"综合管家"}}]]>
    </line>
  </reporter-output>
  <suite name="收房业务" duration-ms="1373" started-at="2016-09-29T12:54:41Z" finished-at="2016-09-29T12:54:42Z">
    <groups>
    </groups>
    <test name="testLogin" duration-ms="1373" started-at="2016-09-29T12:54:41Z" finished-at="2016-09-29T12:54:42Z">
      <class name="keeper.init.Keeper_LoginS">
        <test-method status="PASS" signature="login()[pri:0, instance:keeper.init.Keeper_LoginS@2bbf4b8b]" name="login" duration-ms="1360" started-at="2016-09-29T20:54:41Z" description="登陆" finished-at="2016-09-29T20:54:42Z">
          <reporter-output>
            <line>
              <![CDATA[http://interfaces.t.ziroom.com/index.php?_p=api_mobile&_a=login_normal]]>
            </line>
            <line>
              <![CDATA[{uid=20186677, password=123456, login_name=20186677, appType=1, sign=ccf307b3efdc93b4bdf8984cd47a2cf8, user_account=20186677, timestamp=1475153681}]]>
            </line>
            <line>
              <![CDATA[{"status":"success","error_code":0,"error_message":"","data":{"city_code":"110000","login_name":"20186677","uid":"20186677","stewardType":"综合管家"}}]]>
            </line>
          </reporter-output>
        </test-method> <!-- login -->
      </class> <!-- keeper.init.Keeper_LoginS -->
    </test> <!-- testLogin -->
  </suite> <!-- 收房业务 -->
</testng-results>
